2025-02-13 19:40:29.202 | INFO     | utils_logger:<module>:41 - Logging to file: logs\project_log.log
2025-02-13 19:40:29.203 | INFO     | __main__:main:38 - Starting database setup...
2025-02-13 19:40:29.206 | INFO     | __main__:main:52 - Connected to database: C:\Projects\datafun-05-sql\data\db.sqlite
2025-02-13 19:40:29.208 | INFO     | __main__:execute_sql_file:30 - Executed: C:\Projects\datafun-05-sql\sql_create\01_drop_tables.sql
2025-02-13 19:40:29.209 | INFO     | __main__:execute_sql_file:30 - Executed: C:\Projects\datafun-05-sql\sql_create\02_create_tables.sql
2025-02-13 19:40:29.210 | INFO     | __main__:execute_sql_file:30 - Executed: C:\Projects\datafun-05-sql\sql_create\03_insert_records.sql
2025-02-13 19:40:29.210 | INFO     | __main__:main:60 - Database setup completed successfully.
2025-02-13 19:40:29.211 | INFO     | __main__:main:65 - Database connection closed.
2025-02-13 19:42:03.342 | INFO     | utils_logger:<module>:41 - Logging to file: logs\project_log.log
2025-02-13 19:42:03.342 | INFO     | __main__:main:38 - Starting database setup...
2025-02-13 19:42:03.344 | INFO     | __main__:main:52 - Connected to database: C:\Projects\datafun-05-sql\data\db.sqlite
2025-02-13 19:42:03.395 | INFO     | __main__:execute_sql_file:30 - Executed: C:\Projects\datafun-05-sql\sql_create\01_drop_tables.sql
2025-02-13 19:42:03.435 | INFO     | __main__:execute_sql_file:30 - Executed: C:\Projects\datafun-05-sql\sql_create\02_create_tables.sql
2025-02-13 19:42:03.473 | INFO     | __main__:execute_sql_file:30 - Executed: C:\Projects\datafun-05-sql\sql_create\03_insert_records.sql
2025-02-13 19:42:03.475 | INFO     | __main__:main:60 - Database setup completed successfully.
2025-02-13 19:42:03.476 | INFO     | __main__:main:65 - Database connection closed.
2025-02-13 19:44:19.382 | INFO     | utils_logger:<module>:41 - Logging to file: logs\project_log.log
2025-02-13 19:44:19.382 | INFO     | __main__:main:38 - Starting database setup...
2025-02-13 19:44:19.383 | INFO     | __main__:main:52 - Connected to database: C:\Projects\datafun-05-sql\data\db.sqlite
2025-02-13 19:44:19.416 | INFO     | __main__:execute_sql_file:30 - Executed: C:\Projects\datafun-05-sql\sql_create\01_drop_tables.sql
2025-02-13 19:44:19.433 | INFO     | __main__:execute_sql_file:30 - Executed: C:\Projects\datafun-05-sql\sql_create\02_create_tables.sql
2025-02-13 19:44:19.438 | ERROR    | __main__:execute_sql_file:32 - Failed to execute C:\Projects\datafun-05-sql\sql_create\03_insert_records.sql: table authors has no column named first_name
2025-02-13 19:44:19.438 | ERROR    | __main__:main:62 - Error during database setup: table authors has no column named first_name
2025-02-13 19:44:19.439 | INFO     | __main__:main:65 - Database connection closed.
2025-02-13 19:45:20.143 | INFO     | utils_logger:<module>:41 - Logging to file: logs\project_log.log
2025-02-13 19:45:20.145 | INFO     | __main__:main:38 - Starting database setup...
2025-02-13 19:45:20.148 | INFO     | __main__:main:52 - Connected to database: C:\Projects\datafun-05-sql\data\db.sqlite
2025-02-13 19:45:20.181 | INFO     | __main__:execute_sql_file:30 - Executed: C:\Projects\datafun-05-sql\sql_create\01_drop_tables.sql
2025-02-13 19:45:20.200 | INFO     | __main__:execute_sql_file:30 - Executed: C:\Projects\datafun-05-sql\sql_create\02_create_tables.sql
2025-02-13 19:45:20.232 | ERROR    | __main__:execute_sql_file:32 - Failed to execute C:\Projects\datafun-05-sql\sql_create\03_insert_records.sql: table books has no column named year_published
2025-02-13 19:45:20.232 | ERROR    | __main__:main:62 - Error during database setup: table books has no column named year_published
2025-02-13 19:45:20.233 | INFO     | __main__:main:65 - Database connection closed.
2025-02-13 19:48:15.071 | INFO     | utils_logger:<module>:41 - Logging to file: logs\project_log.log
2025-02-13 19:48:15.072 | INFO     | __main__:main:38 - Starting database setup...
2025-02-13 19:48:15.074 | INFO     | __main__:main:52 - Connected to database: C:\Projects\datafun-05-sql\data\db.sqlite
2025-02-13 19:48:15.108 | INFO     | __main__:execute_sql_file:30 - Executed: C:\Projects\datafun-05-sql\sql_create\01_drop_tables.sql
2025-02-13 19:48:15.123 | INFO     | __main__:execute_sql_file:30 - Executed: C:\Projects\datafun-05-sql\sql_create\02_create_tables.sql
2025-02-13 19:48:15.140 | INFO     | __main__:execute_sql_file:30 - Executed: C:\Projects\datafun-05-sql\sql_create\03_insert_records.sql
2025-02-13 19:48:15.141 | INFO     | __main__:main:60 - Database setup completed successfully.
2025-02-13 19:48:15.142 | INFO     | __main__:main:65 - Database connection closed.
2025-02-13 19:51:58.348 | INFO     | utils_logger:<module>:41 - Logging to file: logs\project_log.log
2025-02-13 19:51:58.348 | INFO     | __main__:main:38 - Starting database setup...
2025-02-13 19:51:58.350 | INFO     | __main__:main:52 - Connected to database: C:\Projects\datafun-05-sql\data\db.sqlite
2025-02-13 19:51:58.351 | INFO     | __main__:execute_sql_file:30 - Executed: C:\Projects\datafun-05-sql\sql_create\01_drop_tables.sql
2025-02-13 19:51:58.383 | INFO     | __main__:execute_sql_file:30 - Executed: C:\Projects\datafun-05-sql\sql_create\02_create_tables.sql
2025-02-13 19:51:58.425 | INFO     | __main__:execute_sql_file:30 - Executed: C:\Projects\datafun-05-sql\sql_create\03_insert_records.sql
2025-02-13 19:51:58.426 | INFO     | __main__:main:60 - Database setup completed successfully.
2025-02-13 19:51:58.426 | INFO     | __main__:main:65 - Database connection closed.
